# JRE version: Java(TM) SE Runtime Environment (8.0_171-b11) (build 1.8.0_171-b11)
# Java VM: Java HotSpot(TM) 64-Bit Server VM (25.171-b11 mixed mode windows-amd64 compressed oops)
Heap:
 PSYoungGen      total 239104K, used 162911K [0x00000000e0000000, 0x00000000f0780000, 0x0000000100000000)
  eden space 213504K, 65% used [0x00000000e0000000,0x00000000e88566c8,0x00000000ed080000)
  from space 25600K, 91% used [0x00000000eec00000,0x00000000f02c1558,0x00000000f0500000)
  to   space 28160K, 0% used [0x00000000ed080000,0x00000000ed080000,0x00000000eec00000)
 ParOldGen       total 138752K, used 56950K [0x00000000a0000000, 0x00000000a8780000, 0x00000000e0000000)
  object space 138752K, 41% used [0x00000000a0000000,0x00000000a379d8b0,0x00000000a8780000)
 Metaspace       used 82691K, capacity 86592K, committed 86872K, reserved 1124352K
  class space    used 10800K, capacity 11554K, committed 11648K, reserved 1048576K
GC Heap History (10 events):
Event: 3408.964 GC heap before
{Heap before GC invocations=19 (full 3):
 PSYoungGen      total 206848K, used 206822K [0x00000000e0000000, 0x00000000f0300000, 0x0000000100000000)
  eden space 184832K, 100% used [0x00000000e0000000,0x00000000eb480000,0x00000000eb480000)
  from space 22016K, 99% used [0x00000000eb480000,0x00000000ec9f98b0,0x00000000eca00000)
  to   space 27648K, 0% used [0x00000000ee800000,0x00000000ee800000,0x00000000f0300000)
 ParOldGen       total 138752K, used 42984K [0x00000000a0000000, 0x00000000a8780000, 0x00000000e0000000)
  object space 138752K, 30% used [0x00000000a0000000,0x00000000a29fa100,0x00000000a8780000)
 Metaspace       used 79414K, capacity 82866K, committed 83160K, reserved 1122304K
  class space    used 10468K, capacity 11203K, committed 11264K, reserved 1048576K
Event: 3409.432 GC heap after
Heap after GC invocations=19 (full 3):
 PSYoungGen      total 190976K, used 11292K [0x00000000e0000000, 0x00000000ef380000, 0x0000000100000000)
  eden space 179200K, 0% used [0x00000000e0000000,0x00000000e0000000,0x00000000eaf00000)
  from space 11776K, 95% used [0x00000000ee800000,0x00000000ef307070,0x00000000ef380000)
  to   space 26624K, 0% used [0x00000000ebf80000,0x00000000ebf80000,0x00000000ed980000)
 ParOldGen       total 138752K, used 56914K [0x00000000a0000000, 0x00000000a8780000, 0x00000000e0000000)
  object space 138752K, 41% used [0x00000000a0000000,0x00000000a3794b90,0x00000000a8780000)
 Metaspace       used 79414K, capacity 82866K, committed 83160K, reserved 1122304K
  class space    used 10468K, capacity 11203K, committed 11264K, reserved 1048576K
}
Event: 3679.429 GC heap before
{Heap before GC invocations=20 (full 3):
 PSYoungGen      total 190976K, used 190492K [0x00000000e0000000, 0x00000000ef380000, 0x0000000100000000)
  eden space 179200K, 100% used [0x00000000e0000000,0x00000000eaf00000,0x00000000eaf00000)
  from space 11776K, 95% used [0x00000000ee800000,0x00000000ef307070,0x00000000ef380000)
  to   space 26624K, 0% used [0x00000000ebf80000,0x00000000ebf80000,0x00000000ed980000)
 ParOldGen       total 138752K, used 56914K [0x00000000a0000000, 0x00000000a8780000, 0x00000000e0000000)
  object space 138752K, 41% used [0x00000000a0000000,0x00000000a3794b90,0x00000000a8780000)
 Metaspace       used 80059K, capacity 83870K, committed 84056K, reserved 1122304K
  class space    used 10517K, capacity 11285K, committed 11392K, reserved 1048576K
Event: 3679.455 GC heap after
Heap after GC invocations=20 (full 3):
 PSYoungGen      total 184832K, used 10847K [0x00000000e0000000, 0x00000000ee880000, 0x0000000100000000)
  eden space 173568K, 0% used [0x00000000e0000000,0x00000000e0000000,0x00000000ea980000)
  from space 11264K, 96% used [0x00000000ebf80000,0x00000000eca17f40,0x00000000eca80000)
  to   space 25600K, 0% used [0x00000000ecf80000,0x00000000ecf80000,0x00000000ee880000)
 ParOldGen       total 138752K, used 56922K [0x00000000a0000000, 0x00000000a8780000, 0x00000000e0000000)
  object space 138752K, 41% used [0x00000000a0000000,0x00000000a3796b90,0x00000000a8780000)
 Metaspace       used 80059K, capacity 83870K, committed 84056K, reserved 1122304K
  class space    used 10517K, capacity 11285K, committed 11392K, reserved 1048576K
}
Event: 3690.632 GC heap before
{Heap before GC invocations=21 (full 3):
 PSYoungGen      total 184832K, used 184411K [0x00000000e0000000, 0x00000000ee880000, 0x0000000100000000)
  eden space 173568K, 99% used [0x00000000e0000000,0x00000000ea97eec8,0x00000000ea980000)
  from space 11264K, 96% used [0x00000000ebf80000,0x00000000eca17f40,0x00000000eca80000)
  to   space 25600K, 0% used [0x00000000ecf80000,0x00000000ecf80000,0x00000000ee880000)
 ParOldGen       total 138752K, used 56930K [0x00000000a0000000, 0x00000000a8780000, 0x00000000e0000000)
  object space 138752K, 41% used [0x00000000a0000000,0x00000000a3798ba0,0x00000000a8780000)
 Metaspace       used 80796K, capacity 84488K, committed 84568K, reserved 1122304K
  class space    used 10584K, capacity 11368K, committed 11392K, reserved 1048576K
Event: 3691.061 GC heap after
Heap after GC invocations=21 (full 3):
 PSYoungGen      total 212480K, used 16035K [0x00000000e0000000, 0x00000000eef00000, 0x0000000100000000)
  eden space 186880K, 0% used [0x00000000e0000000,0x00000000e0000000,0x00000000eb680000)
  from space 25600K, 62% used [0x00000000ecf80000,0x00000000edf28f70,0x00000000ee880000)
  to   space 25600K, 0% used [0x00000000eb680000,0x00000000eb680000,0x00000000ecf80000)
 ParOldGen       total 138752K, used 56938K [0x00000000a0000000, 0x00000000a8780000, 0x00000000e0000000)
  object space 138752K, 41% used [0x00000000a0000000,0x00000000a379aba0,0x00000000a8780000)
 Metaspace       used 80796K, capacity 84488K, committed 84568K, reserved 1122304K
  class space    used 10584K, capacity 11368K, committed 11392K, reserved 1048576K
}
Event: 3692.611 GC heap before
{Heap before GC invocations=22 (full 3):
 PSYoungGen      total 212480K, used 202915K [0x00000000e0000000, 0x00000000eef00000, 0x0000000100000000)
  eden space 186880K, 100% used [0x00000000e0000000,0x00000000eb680000,0x00000000eb680000)
  from space 25600K, 62% used [0x00000000ecf80000,0x00000000edf28f70,0x00000000ee880000)
  to   space 25600K, 0% used [0x00000000eb680000,0x00000000eb680000,0x00000000ecf80000)
 ParOldGen       total 138752K, used 56942K [0x00000000a0000000, 0x00000000a8780000, 0x00000000e0000000)
  object space 138752K, 41% used [0x00000000a0000000,0x00000000a379b8b0,0x00000000a8780000)
 Metaspace       used 80807K, capacity 84552K, committed 84824K, reserved 1122304K
  class space    used 10584K, capacity 11368K, committed 11392K, reserved 1048576K
Event: 3692.684 GC heap after
Heap after GC invocations=22 (full 3):
 PSYoungGen      total 212480K, used 17128K [0x00000000e0000000, 0x00000000f0500000, 0x0000000100000000)
  eden space 186880K, 0% used [0x00000000e0000000,0x00000000e0000000,0x00000000eb680000)
  from space 25600K, 66% used [0x00000000eb680000,0x00000000ec73a180,0x00000000ecf80000)
  to   space 25600K, 0% used [0x00000000eec00000,0x00000000eec00000,0x00000000f0500000)
 ParOldGen       total 138752K, used 56950K [0x00000000a0000000, 0x00000000a8780000, 0x00000000e0000000)
  object space 138752K, 41% used [0x00000000a0000000,0x00000000a379d8b0,0x00000000a8780000)
 Metaspace       used 80807K, capacity 84552K, committed 84824K, reserved 1122304K
  class space    used 10584K, capacity 11368K, committed 11392K, reserved 1048576K
}
Event: 3696.585 GC heap before
{Heap before GC invocations=23 (full 3):
 PSYoungGen      total 212480K, used 204008K [0x00000000e0000000, 0x00000000f0500000, 0x0000000100000000)
  eden space 186880K, 99% used [0x00000000e0000000,0x00000000eb67fed0,0x00000000eb680000)
  from space 25600K, 66% used [0x00000000eb680000,0x00000000ec73a180,0x00000000ecf80000)
  to   space 25600K, 0% used [0x00000000eec00000,0x00000000eec00000,0x00000000f0500000)
 ParOldGen       total 138752K, used 56950K [0x00000000a0000000, 0x00000000a8780000, 0x00000000e0000000)
  object space 138752K, 41% used [0x00000000a0000000,0x00000000a379d8b0,0x00000000a8780000)
 Metaspace       used 81932K, capacity 85724K, committed 85976K, reserved 1124352K
  class space    used 10721K, capacity 11480K, committed 11520K, reserved 1048576K
Event: 3696.626 GC heap after
Heap after GC invocations=23 (full 3):
 PSYoungGen      total 239104K, used 23301K [0x00000000e0000000, 0x00000000f0780000, 0x0000000100000000)
  eden space 213504K, 0% used [0x00000000e0000000,0x00000000e0000000,0x00000000ed080000)
  from space 25600K, 91% used [0x00000000eec00000,0x00000000f02c1558,0x00000000f0500000)
  to   space 28160K, 0% used [0x00000000ed080000,0x00000000ed080000,0x00000000eec00000)
 ParOldGen       total 138752K, used 56950K [0x00000000a0000000, 0x00000000a8780000, 0x00000000e0000000)
  object space 138752K, 41% used [0x00000000a0000000,0x00000000a379d8b0,0x00000000a8780000)
 Metaspace       used 81932K, capacity 85724K, committed 85976K, reserved 1124352K
  class space    used 10721K, capacity 11480K, committed 11520K, reserved 1048576K
}

