# JRE version: Java(TM) SE Runtime Environment (8.0_181-b13) (build 1.8.0_181-b13)
# Java VM: Java HotSpot(TM) 64-Bit Server VM (25.181-b13 mixed mode windows-amd64 compressed oops)
Heap:
 PSYoungGen      total 57856K, used 33424K [0x00000000e0000000, 0x00000000e4a80000, 0x0000000100000000)
  eden space 48640K, 49% used [0x00000000e0000000,0x00000000e17a8d68,0x00000000e2f80000)
  from space 9216K, 99% used [0x00000000e3c80000,0x00000000e457b460,0x00000000e4580000)
  to   space 13312K, 0% used [0x00000000e2f80000,0x00000000e2f80000,0x00000000e3c80000)
 ParOldGen       total 77824K, used 32587K [0x00000000a0000000, 0x00000000a4c00000, 0x00000000e0000000)
  object space 77824K, 41% used [0x00000000a0000000,0x00000000a1fd2e30,0x00000000a4c00000)
 Metaspace       used 70766K, capacity 72914K, committed 73216K, reserved 1112064K
  class space    used 9329K, capacity 9911K, committed 9984K, reserved 1048576K
GC Heap History (10 events):
Event: 82.104 GC heap before
{Heap before GC invocations=25 (full 3):
 PSYoungGen      total 55808K, used 45568K [0x00000000e0000000, 0x00000000e4d80000, 0x0000000100000000)
  eden space 45568K, 100% used [0x00000000e0000000,0x00000000e2c80000,0x00000000e2c80000)
  from space 10240K, 0% used [0x00000000e2c80000,0x00000000e2c80000,0x00000000e3680000)
  to   space 10752K, 0% used [0x00000000e4300000,0x00000000e4300000,0x00000000e4d80000)
 ParOldGen       total 77824K, used 28661K [0x00000000a0000000, 0x00000000a4c00000, 0x00000000e0000000)
  object space 77824K, 36% used [0x00000000a0000000,0x00000000a1bfd420,0x00000000a4c00000)
 Metaspace       used 58703K, capacity 60316K, committed 60544K, reserved 1101824K
  class space    used 8165K, capacity 8553K, committed 8576K, reserved 1048576K
Event: 82.112 GC heap after
Heap after GC invocations=25 (full 3):
 PSYoungGen      total 58368K, used 3710K [0x00000000e0000000, 0x00000000e4880000, 0x0000000100000000)
  eden space 52736K, 0% used [0x00000000e0000000,0x00000000e0000000,0x00000000e3380000)
  from space 5632K, 65% used [0x00000000e4300000,0x00000000e469fb08,0x00000000e4880000)
  to   space 10752K, 0% used [0x00000000e3380000,0x00000000e3380000,0x00000000e3e00000)
 ParOldGen       total 77824K, used 28661K [0x00000000a0000000, 0x00000000a4c00000, 0x00000000e0000000)
  object space 77824K, 36% used [0x00000000a0000000,0x00000000a1bfd420,0x00000000a4c00000)
 Metaspace       used 58703K, capacity 60316K, committed 60544K, reserved 1101824K
  class space    used 8165K, capacity 8553K, committed 8576K, reserved 1048576K
}
Event: 4823.670 GC heap before
{Heap before GC invocations=26 (full 3):
 PSYoungGen      total 58368K, used 56446K [0x00000000e0000000, 0x00000000e4880000, 0x0000000100000000)
  eden space 52736K, 100% used [0x00000000e0000000,0x00000000e3380000,0x00000000e3380000)
  from space 5632K, 65% used [0x00000000e4300000,0x00000000e469fb08,0x00000000e4880000)
  to   space 10752K, 0% used [0x00000000e3380000,0x00000000e3380000,0x00000000e3e00000)
 ParOldGen       total 77824K, used 28661K [0x00000000a0000000, 0x00000000a4c00000, 0x00000000e0000000)
  object space 77824K, 36% used [0x00000000a0000000,0x00000000a1bfd420,0x00000000a4c00000)
 Metaspace       used 61772K, capacity 63482K, committed 63872K, reserved 1103872K
  class space    used 8351K, capacity 8752K, committed 8832K, reserved 1048576K
Event: 4832.650 GC heap after
Heap after GC invocations=26 (full 3):
 PSYoungGen      total 57344K, used 5160K [0x00000000e0000000, 0x00000000e4680000, 0x0000000100000000)
  eden space 51712K, 0% used [0x00000000e0000000,0x00000000e0000000,0x00000000e3280000)
  from space 5632K, 91% used [0x00000000e3380000,0x00000000e388a140,0x00000000e3900000)
  to   space 10240K, 0% used [0x00000000e3c80000,0x00000000e3c80000,0x00000000e4680000)
 ParOldGen       total 77824K, used 28669K [0x00000000a0000000, 0x00000000a4c00000, 0x00000000e0000000)
  object space 77824K, 36% used [0x00000000a0000000,0x00000000a1bff420,0x00000000a4c00000)
 Metaspace       used 61772K, capacity 63482K, committed 63872K, reserved 1103872K
  class space    used 8351K, capacity 8752K, committed 8832K, reserved 1048576K
}
Event: 7888.842 GC heap before
{Heap before GC invocations=27 (full 3):
 PSYoungGen      total 57344K, used 56872K [0x00000000e0000000, 0x00000000e4680000, 0x0000000100000000)
  eden space 51712K, 100% used [0x00000000e0000000,0x00000000e3280000,0x00000000e3280000)
  from space 5632K, 91% used [0x00000000e3380000,0x00000000e388a140,0x00000000e3900000)
  to   space 10240K, 0% used [0x00000000e3c80000,0x00000000e3c80000,0x00000000e4680000)
 ParOldGen       total 77824K, used 28669K [0x00000000a0000000, 0x00000000a4c00000, 0x00000000e0000000)
  object space 77824K, 36% used [0x00000000a0000000,0x00000000a1bff420,0x00000000a4c00000)
 Metaspace       used 64624K, capacity 66408K, committed 66688K, reserved 1107968K
  class space    used 8650K, capacity 9045K, committed 9088K, reserved 1048576K
Event: 7891.856 GC heap after
Heap after GC invocations=27 (full 3):
 PSYoungGen      total 59904K, used 6631K [0x00000000e0000000, 0x00000000e4580000, 0x0000000100000000)
  eden space 50688K, 0% used [0x00000000e0000000,0x00000000e0000000,0x00000000e3180000)
  from space 9216K, 71% used [0x00000000e3c80000,0x00000000e42f9d68,0x00000000e4580000)
  to   space 10240K, 0% used [0x00000000e3180000,0x00000000e3180000,0x00000000e3b80000)
 ParOldGen       total 77824K, used 28677K [0x00000000a0000000, 0x00000000a4c00000, 0x00000000e0000000)
  object space 77824K, 36% used [0x00000000a0000000,0x00000000a1c01420,0x00000000a4c00000)
 Metaspace       used 64624K, capacity 66408K, committed 66688K, reserved 1107968K
  class space    used 8650K, capacity 9045K, committed 9088K, reserved 1048576K
}
Event: 8009.218 GC heap before
{Heap before GC invocations=28 (full 3):
 PSYoungGen      total 59904K, used 57319K [0x00000000e0000000, 0x00000000e4580000, 0x0000000100000000)
  eden space 50688K, 100% used [0x00000000e0000000,0x00000000e3180000,0x00000000e3180000)
  from space 9216K, 71% used [0x00000000e3c80000,0x00000000e42f9d68,0x00000000e4580000)
  to   space 10240K, 0% used [0x00000000e3180000,0x00000000e3180000,0x00000000e3b80000)
 ParOldGen       total 77824K, used 28677K [0x00000000a0000000, 0x00000000a4c00000, 0x00000000e0000000)
  object space 77824K, 36% used [0x00000000a0000000,0x00000000a1c01420,0x00000000a4c00000)
 Metaspace       used 68042K, capacity 69912K, committed 70016K, reserved 1110016K
  class space    used 9092K, capacity 9583K, committed 9600K, reserved 1048576K
Event: 8010.063 GC heap after
Heap after GC invocations=28 (full 3):
 PSYoungGen      total 60928K, used 10217K [0x00000000e0000000, 0x00000000e4580000, 0x0000000100000000)
  eden space 50688K, 0% used [0x00000000e0000000,0x00000000e0000000,0x00000000e3180000)
  from space 10240K, 99% used [0x00000000e3180000,0x00000000e3b7a748,0x00000000e3b80000)
  to   space 9216K, 0% used [0x00000000e3c80000,0x00000000e3c80000,0x00000000e4580000)
 ParOldGen       total 77824K, used 29235K [0x00000000a0000000, 0x00000000a4c00000, 0x00000000e0000000)
  object space 77824K, 37% used [0x00000000a0000000,0x00000000a1c8ccf8,0x00000000a4c00000)
 Metaspace       used 68042K, capacity 69912K, committed 70016K, reserved 1110016K
  class space    used 9092K, capacity 9583K, committed 9600K, reserved 1048576K
}
Event: 8264.163 GC heap before
{Heap before GC invocations=29 (full 3):
 PSYoungGen      total 60928K, used 60905K [0x00000000e0000000, 0x00000000e4580000, 0x0000000100000000)
  eden space 50688K, 100% used [0x00000000e0000000,0x00000000e3180000,0x00000000e3180000)
  from space 10240K, 99% used [0x00000000e3180000,0x00000000e3b7a748,0x00000000e3b80000)
  to   space 9216K, 0% used [0x00000000e3c80000,0x00000000e3c80000,0x00000000e4580000)
 ParOldGen       total 77824K, used 29235K [0x00000000a0000000, 0x00000000a4c00000, 0x00000000e0000000)
  object space 77824K, 37% used [0x00000000a0000000,0x00000000a1c8ccf8,0x00000000a4c00000)
 Metaspace       used 69956K, capacity 72226K, committed 72320K, reserved 1112064K
  class space    used 9268K, capacity 9839K, committed 9856K, reserved 1048576K
Event: 8264.738 GC heap after
Heap after GC invocations=29 (full 3):
 PSYoungGen      total 57856K, used 9197K [0x00000000e0000000, 0x00000000e4a80000, 0x0000000100000000)
  eden space 48640K, 0% used [0x00000000e0000000,0x00000000e0000000,0x00000000e2f80000)
  from space 9216K, 99% used [0x00000000e3c80000,0x00000000e457b460,0x00000000e4580000)
  to   space 13312K, 0% used [0x00000000e2f80000,0x00000000e2f80000,0x00000000e3c80000)
 ParOldGen       total 77824K, used 32587K [0x00000000a0000000, 0x00000000a4c00000, 0x00000000e0000000)
  object space 77824K, 41% used [0x00000000a0000000,0x00000000a1fd2e30,0x00000000a4c00000)
 Metaspace       used 69956K, capacity 72226K, committed 72320K, reserved 1112064K
  class space    used 9268K, capacity 9839K, committed 9856K, reserved 1048576K
}

