# JRE version: Java(TM) SE Runtime Environment (8.0_181-b13) (build 1.8.0_181-b13)
# Java VM: Java HotSpot(TM) 64-Bit Server VM (25.181-b13 mixed mode windows-amd64 compressed oops)
Heap:
 PSYoungGen      total 166912K, used 33454K [0x00000000e0000000, 0x00000000edb00000, 0x0000000100000000)
  eden space 111104K, 26% used [0x00000000e0000000,0x00000000e1c8ebd0,0x00000000e6c80000)
  from space 55808K, 7% used [0x00000000e6c80000,0x00000000e709cdd8,0x00000000ea300000)
  to   space 54272K, 0% used [0x00000000ea300000,0x00000000ea300000,0x00000000ed800000)
 ParOldGen       total 171008K, used 157295K [0x00000000a0000000, 0x00000000aa700000, 0x00000000e0000000)
  object space 171008K, 91% used [0x00000000a0000000,0x00000000a999bf10,0x00000000aa700000)
 Metaspace       used 104345K, capacity 109454K, committed 109644K, reserved 1144832K
  class space    used 13341K, capacity 14362K, committed 14412K, reserved 1048576K
GC Heap History (10 events):
Event: 9279.006 GC heap before
{Heap before GC invocations=57 (full 4):
 PSYoungGen      total 130048K, used 111498K [0x00000000e0000000, 0x00000000eb300000, 0x0000000100000000)
  eden space 79872K, 100% used [0x00000000e0000000,0x00000000e4e00000,0x00000000e4e00000)
  from space 50176K, 63% used [0x00000000e8200000,0x00000000ea0e2ad0,0x00000000eb300000)
  to   space 51712K, 0% used [0x00000000e4e00000,0x00000000e4e00000,0x00000000e8080000)
 ParOldGen       total 171008K, used 121514K [0x00000000a0000000, 0x00000000aa700000, 0x00000000e0000000)
  object space 171008K, 71% used [0x00000000a0000000,0x00000000a76aa980,0x00000000aa700000)
 Metaspace       used 103586K, capacity 108554K, committed 108876K, reserved 1144832K
  class space    used 13288K, capacity 14278K, committed 14412K, reserved 1048576K
Event: 9279.276 GC heap after
Heap after GC invocations=57 (full 4):
 PSYoungGen      total 131584K, used 23615K [0x00000000e0000000, 0x00000000ec180000, 0x0000000100000000)
  eden space 79872K, 0% used [0x00000000e0000000,0x00000000e0000000,0x00000000e4e00000)
  from space 51712K, 45% used [0x00000000e4e00000,0x00000000e650fef0,0x00000000e8080000)
  to   space 51200K, 0% used [0x00000000e8f80000,0x00000000e8f80000,0x00000000ec180000)
 ParOldGen       total 171008K, used 129360K [0x00000000a0000000, 0x00000000aa700000, 0x00000000e0000000)
  object space 171008K, 75% used [0x00000000a0000000,0x00000000a7e543b0,0x00000000aa700000)
 Metaspace       used 103586K, capacity 108554K, committed 108876K, reserved 1144832K
  class space    used 13288K, capacity 14278K, committed 14412K, reserved 1048576K
}
Event: 9280.513 GC heap before
{Heap before GC invocations=58 (full 4):
 PSYoungGen      total 131584K, used 103487K [0x00000000e0000000, 0x00000000ec180000, 0x0000000100000000)
  eden space 79872K, 100% used [0x00000000e0000000,0x00000000e4e00000,0x00000000e4e00000)
  from space 51712K, 45% used [0x00000000e4e00000,0x00000000e650fef0,0x00000000e8080000)
  to   space 51200K, 0% used [0x00000000e8f80000,0x00000000e8f80000,0x00000000ec180000)
 ParOldGen       total 171008K, used 129360K [0x00000000a0000000, 0x00000000aa700000, 0x00000000e0000000)
  object space 171008K, 75% used [0x00000000a0000000,0x00000000a7e543b0,0x00000000aa700000)
 Metaspace       used 103674K, capacity 108674K, committed 108876K, reserved 1144832K
  class space    used 13298K, capacity 14316K, committed 14412K, reserved 1048576K
Event: 9280.540 GC heap after
Heap after GC invocations=58 (full 4):
 PSYoungGen      total 145920K, used 11843K [0x00000000e0000000, 0x00000000ec300000, 0x0000000100000000)
  eden space 94720K, 0% used [0x00000000e0000000,0x00000000e0000000,0x00000000e5c80000)
  from space 51200K, 23% used [0x00000000e8f80000,0x00000000e9b10d00,0x00000000ec180000)
  to   space 52224K, 0% used [0x00000000e5c80000,0x00000000e5c80000,0x00000000e8f80000)
 ParOldGen       total 171008K, used 139324K [0x00000000a0000000, 0x00000000aa700000, 0x00000000e0000000)
  object space 171008K, 81% used [0x00000000a0000000,0x00000000a880f338,0x00000000aa700000)
 Metaspace       used 103674K, capacity 108674K, committed 108876K, reserved 1144832K
  class space    used 13298K, capacity 14316K, committed 14412K, reserved 1048576K
}
Event: 9281.735 GC heap before
{Heap before GC invocations=59 (full 4):
 PSYoungGen      total 145920K, used 106563K [0x00000000e0000000, 0x00000000ec300000, 0x0000000100000000)
  eden space 94720K, 100% used [0x00000000e0000000,0x00000000e5c80000,0x00000000e5c80000)
  from space 51200K, 23% used [0x00000000e8f80000,0x00000000e9b10d00,0x00000000ec180000)
  to   space 52224K, 0% used [0x00000000e5c80000,0x00000000e5c80000,0x00000000e8f80000)
 ParOldGen       total 171008K, used 139324K [0x00000000a0000000, 0x00000000aa700000, 0x00000000e0000000)
  object space 171008K, 81% used [0x00000000a0000000,0x00000000a880f338,0x00000000aa700000)
 Metaspace       used 103795K, capacity 108844K, committed 109132K, reserved 1144832K
  class space    used 13314K, capacity 14323K, committed 14412K, reserved 1048576K
Event: 9281.767 GC heap after
Heap after GC invocations=59 (full 4):
 PSYoungGen      total 146944K, used 2528K [0x00000000e0000000, 0x00000000ed800000, 0x0000000100000000)
  eden space 94720K, 0% used [0x00000000e0000000,0x00000000e0000000,0x00000000e5c80000)
  from space 52224K, 4% used [0x00000000e5c80000,0x00000000e5ef8000,0x00000000e8f80000)
  to   space 54272K, 0% used [0x00000000ea300000,0x00000000ea300000,0x00000000ed800000)
 ParOldGen       total 171008K, used 150256K [0x00000000a0000000, 0x00000000aa700000, 0x00000000e0000000)
  object space 171008K, 87% used [0x00000000a0000000,0x00000000a92bc018,0x00000000aa700000)
 Metaspace       used 103795K, capacity 108844K, committed 109132K, reserved 1144832K
  class space    used 13314K, capacity 14323K, committed 14412K, reserved 1048576K
}
Event: 9282.818 GC heap before
{Heap before GC invocations=60 (full 4):
 PSYoungGen      total 146944K, used 97248K [0x00000000e0000000, 0x00000000ed800000, 0x0000000100000000)
  eden space 94720K, 100% used [0x00000000e0000000,0x00000000e5c80000,0x00000000e5c80000)
  from space 52224K, 4% used [0x00000000e5c80000,0x00000000e5ef8000,0x00000000e8f80000)
  to   space 54272K, 0% used [0x00000000ea300000,0x00000000ea300000,0x00000000ed800000)
 ParOldGen       total 171008K, used 150256K [0x00000000a0000000, 0x00000000aa700000, 0x00000000e0000000)
  object space 171008K, 87% used [0x00000000a0000000,0x00000000a92bc018,0x00000000aa700000)
 Metaspace       used 104126K, capacity 109128K, committed 109388K, reserved 1144832K
  class space    used 13330K, capacity 14327K, committed 14412K, reserved 1048576K
Event: 9282.840 GC heap after
Heap after GC invocations=60 (full 4):
 PSYoungGen      total 165376K, used 1376K [0x00000000e0000000, 0x00000000edb00000, 0x0000000100000000)
  eden space 111104K, 0% used [0x00000000e0000000,0x00000000e0000000,0x00000000e6c80000)
  from space 54272K, 2% used [0x00000000ea300000,0x00000000ea458000,0x00000000ed800000)
  to   space 55808K, 0% used [0x00000000e6c80000,0x00000000e6c80000,0x00000000ea300000)
 ParOldGen       total 171008K, used 152369K [0x00000000a0000000, 0x00000000aa700000, 0x00000000e0000000)
  object space 171008K, 89% used [0x00000000a0000000,0x00000000a94cc5c0,0x00000000aa700000)
 Metaspace       used 104126K, capacity 109128K, committed 109388K, reserved 1144832K
  class space    used 13330K, capacity 14327K, committed 14412K, reserved 1048576K
}
Event: 9283.618 GC heap before
{Heap before GC invocations=61 (full 4):
 PSYoungGen      total 165376K, used 112480K [0x00000000e0000000, 0x00000000edb00000, 0x0000000100000000)
  eden space 111104K, 100% used [0x00000000e0000000,0x00000000e6c80000,0x00000000e6c80000)
  from space 54272K, 2% used [0x00000000ea300000,0x00000000ea458000,0x00000000ed800000)
  to   space 55808K, 0% used [0x00000000e6c80000,0x00000000e6c80000,0x00000000ea300000)
 ParOldGen       total 171008K, used 152369K [0x00000000a0000000, 0x00000000aa700000, 0x00000000e0000000)
  object space 171008K, 89% used [0x00000000a0000000,0x00000000a94cc5c0,0x00000000aa700000)
 Metaspace       used 104262K, capacity 109372K, committed 109644K, reserved 1144832K
  class space    used 13339K, capacity 14361K, committed 14412K, reserved 1048576K
Event: 9283.642 GC heap after
Heap after GC invocations=61 (full 4):
 PSYoungGen      total 166912K, used 2400K [0x00000000e0000000, 0x00000000edb00000, 0x0000000100000000)
  eden space 111104K, 0% used [0x00000000e0000000,0x00000000e0000000,0x00000000e6c80000)
  from space 55808K, 4% used [0x00000000e6c80000,0x00000000e6ed8040,0x00000000ea300000)
  to   space 54272K, 0% used [0x00000000ea300000,0x00000000ea300000,0x00000000ed800000)
 ParOldGen       total 171008K, used 153561K [0x00000000a0000000, 0x00000000aa700000, 0x00000000e0000000)
  object space 171008K, 89% used [0x00000000a0000000,0x00000000a95f65d0,0x00000000aa700000)
 Metaspace       used 104262K, capacity 109372K, committed 109644K, reserved 1144832K
  class space    used 13339K, capacity 14361K, committed 14412K, reserved 1048576K
}

