# JRE version: OpenJDK Runtime Environment (8.0_202-b03) (build 1.8.0_202-release-1483-b03)
# Java VM: OpenJDK 64-Bit Server VM (25.202-b03 mixed mode windows-amd64 compressed oops)
Heap:
 PSYoungGen      total 385024K, used 185954K [0x00000000e0000000, 0x00000000fdc80000, 0x0000000100000000)
  eden space 347648K, 50% used [0x00000000e0000000,0x00000000eab8c8d0,0x00000000f5380000)
  from space 37376K, 27% used [0x00000000f5380000,0x00000000f5d8c020,0x00000000f7800000)
  to   space 35840K, 0% used [0x00000000fb980000,0x00000000fb980000,0x00000000fdc80000)
 ParOldGen       total 116224K, used 83134K [0x00000000a0000000, 0x00000000a7180000, 0x00000000e0000000)
  object space 116224K, 71% used [0x00000000a0000000,0x00000000a512fb30,0x00000000a7180000)
 Metaspace       used 80813K, capacity 83638K, committed 83880K, reserved 1122304K
  class space    used 10702K, capacity 11316K, committed 11432K, reserved 1048576K
GC Heap History (10 events):
Event: 414.642 GC heap before
{Heap before GC invocations=19 (full 3):
 PSYoungGen      total 254464K, used 254447K [0x00000000e0000000, 0x00000000f6f00000, 0x0000000100000000)
  eden space 228864K, 100% used [0x00000000e0000000,0x00000000edf80000,0x00000000edf80000)
  from space 25600K, 99% used [0x00000000edf80000,0x00000000ef87bd70,0x00000000ef880000)
  to   space 40960K, 0% used [0x00000000f4700000,0x00000000f4700000,0x00000000f6f00000)
 ParOldGen       total 116224K, used 66286K [0x00000000a0000000, 0x00000000a7180000, 0x00000000e0000000)
  object space 116224K, 57% used [0x00000000a0000000,0x00000000a40bb9f8,0x00000000a7180000)
 Metaspace       used 80256K, capacity 83146K, committed 83240K, reserved 1122304K
  class space    used 10669K, capacity 11300K, committed 11304K, reserved 1048576K
Event: 414.727 GC heap after
Heap after GC invocations=19 (full 3):
 PSYoungGen      total 326656K, used 4848K [0x00000000e0000000, 0x00000000f6a80000, 0x0000000100000000)
  eden space 290304K, 0% used [0x00000000e0000000,0x00000000e0000000,0x00000000f1b80000)
  from space 36352K, 13% used [0x00000000f4700000,0x00000000f4bbc0d0,0x00000000f6a80000)
  to   space 40448K, 0% used [0x00000000f1b80000,0x00000000f1b80000,0x00000000f4300000)
 ParOldGen       total 116224K, used 91541K [0x00000000a0000000, 0x00000000a7180000, 0x00000000e0000000)
  object space 116224K, 78% used [0x00000000a0000000,0x00000000a59655e0,0x00000000a7180000)
 Metaspace       used 80256K, capacity 83146K, committed 83240K, reserved 1122304K
  class space    used 10669K, capacity 11300K, committed 11304K, reserved 1048576K
}
Event: 414.727 GC heap before
{Heap before GC invocations=20 (full 4):
 PSYoungGen      total 326656K, used 4848K [0x00000000e0000000, 0x00000000f6a80000, 0x0000000100000000)
  eden space 290304K, 0% used [0x00000000e0000000,0x00000000e0000000,0x00000000f1b80000)
  from space 36352K, 13% used [0x00000000f4700000,0x00000000f4bbc0d0,0x00000000f6a80000)
  to   space 40448K, 0% used [0x00000000f1b80000,0x00000000f1b80000,0x00000000f4300000)
 ParOldGen       total 116224K, used 91541K [0x00000000a0000000, 0x00000000a7180000, 0x00000000e0000000)
  object space 116224K, 78% used [0x00000000a0000000,0x00000000a59655e0,0x00000000a7180000)
 Metaspace       used 80256K, capacity 83146K, committed 83240K, reserved 1122304K
  class space    used 10669K, capacity 11300K, committed 11304K, reserved 1048576K
Event: 415.302 GC heap after
Heap after GC invocations=20 (full 4):
 PSYoungGen      total 326656K, used 0K [0x00000000e0000000, 0x00000000f6a80000, 0x0000000100000000)
  eden space 290304K, 0% used [0x00000000e0000000,0x00000000e0000000,0x00000000f1b80000)
  from space 36352K, 0% used [0x00000000f4700000,0x00000000f4700000,0x00000000f6a80000)
  to   space 40448K, 0% used [0x00000000f1b80000,0x00000000f1b80000,0x00000000f4300000)
 ParOldGen       total 116224K, used 79634K [0x00000000a0000000, 0x00000000a7180000, 0x00000000e0000000)
  object space 116224K, 68% used [0x00000000a0000000,0x00000000a4dc4b20,0x00000000a7180000)
 Metaspace       used 80171K, capacity 82914K, committed 83240K, reserved 1122304K
  class space    used 10642K, capacity 11252K, committed 11304K, reserved 1048576K
}
Event: 418.998 GC heap before
{Heap before GC invocations=21 (full 4):
 PSYoungGen      total 326656K, used 290304K [0x00000000e0000000, 0x00000000f6a80000, 0x0000000100000000)
  eden space 290304K, 100% used [0x00000000e0000000,0x00000000f1b80000,0x00000000f1b80000)
  from space 36352K, 0% used [0x00000000f4700000,0x00000000f4700000,0x00000000f6a80000)
  to   space 40448K, 0% used [0x00000000f1b80000,0x00000000f1b80000,0x00000000f4300000)
 ParOldGen       total 116224K, used 79634K [0x00000000a0000000, 0x00000000a7180000, 0x00000000e0000000)
  object space 116224K, 68% used [0x00000000a0000000,0x00000000a4dc4b20,0x00000000a7180000)
 Metaspace       used 80343K, capacity 83086K, committed 83496K, reserved 1122304K
  class space    used 10657K, capacity 11258K, committed 11304K, reserved 1048576K
Event: 419.108 GC heap after
Heap after GC invocations=21 (full 4):
 PSYoungGen      total 330752K, used 5811K [0x00000000e0000000, 0x00000000fa400000, 0x0000000100000000)
  eden space 290304K, 0% used [0x00000000e0000000,0x00000000e0000000,0x00000000f1b80000)
  from space 40448K, 14% used [0x00000000f1b80000,0x00000000f212ced8,0x00000000f4300000)
  to   space 39424K, 0% used [0x00000000f7d80000,0x00000000f7d80000,0x00000000fa400000)
 ParOldGen       total 116224K, used 79642K [0x00000000a0000000, 0x00000000a7180000, 0x00000000e0000000)
  object space 116224K, 68% used [0x00000000a0000000,0x00000000a4dc6b20,0x00000000a7180000)
 Metaspace       used 80343K, capacity 83086K, committed 83496K, reserved 1122304K
  class space    used 10657K, capacity 11258K, committed 11304K, reserved 1048576K
}
Event: 423.509 GC heap before
{Heap before GC invocations=22 (full 4):
 PSYoungGen      total 330752K, used 296115K [0x00000000e0000000, 0x00000000fa400000, 0x0000000100000000)
  eden space 290304K, 100% used [0x00000000e0000000,0x00000000f1b80000,0x00000000f1b80000)
  from space 40448K, 14% used [0x00000000f1b80000,0x00000000f212ced8,0x00000000f4300000)
  to   space 39424K, 0% used [0x00000000f7d80000,0x00000000f7d80000,0x00000000fa400000)
 ParOldGen       total 116224K, used 79642K [0x00000000a0000000, 0x00000000a7180000, 0x00000000e0000000)
  object space 116224K, 68% used [0x00000000a0000000,0x00000000a4dc6b20,0x00000000a7180000)
 Metaspace       used 80442K, capacity 83242K, committed 83496K, reserved 1122304K
  class space    used 10658K, capacity 11260K, committed 11304K, reserved 1048576K
Event: 423.562 GC heap after
Heap after GC invocations=22 (full 4):
 PSYoungGen      total 379392K, used 8646K [0x00000000e0000000, 0x00000000f9c80000, 0x0000000100000000)
  eden space 347648K, 0% used [0x00000000e0000000,0x00000000e0000000,0x00000000f5380000)
  from space 31744K, 27% used [0x00000000f7d80000,0x00000000f85f1880,0x00000000f9c80000)
  to   space 37376K, 0% used [0x00000000f5380000,0x00000000f5380000,0x00000000f7800000)
 ParOldGen       total 116224K, used 79642K [0x00000000a0000000, 0x00000000a7180000, 0x00000000e0000000)
  object space 116224K, 68% used [0x00000000a0000000,0x00000000a4dc6b20,0x00000000a7180000)
 Metaspace       used 80442K, capacity 83242K, committed 83496K, reserved 1122304K
  class space    used 10658K, capacity 11260K, committed 11304K, reserved 1048576K
}
Event: 428.558 GC heap before
{Heap before GC invocations=23 (full 4):
 PSYoungGen      total 379392K, used 356294K [0x00000000e0000000, 0x00000000f9c80000, 0x0000000100000000)
  eden space 347648K, 100% used [0x00000000e0000000,0x00000000f5380000,0x00000000f5380000)
  from space 31744K, 27% used [0x00000000f7d80000,0x00000000f85f1880,0x00000000f9c80000)
  to   space 37376K, 0% used [0x00000000f5380000,0x00000000f5380000,0x00000000f7800000)
 ParOldGen       total 116224K, used 79642K [0x00000000a0000000, 0x00000000a7180000, 0x00000000e0000000)
  object space 116224K, 68% used [0x00000000a0000000,0x00000000a4dc6b20,0x00000000a7180000)
 Metaspace       used 80523K, capacity 83324K, committed 83752K, reserved 1122304K
  class space    used 10659K, capacity 11263K, committed 11304K, reserved 1048576K
Event: 428.658 GC heap after
Heap after GC invocations=23 (full 4):
 PSYoungGen      total 385024K, used 10288K [0x00000000e0000000, 0x00000000fdc80000, 0x0000000100000000)
  eden space 347648K, 0% used [0x00000000e0000000,0x00000000e0000000,0x00000000f5380000)
  from space 37376K, 27% used [0x00000000f5380000,0x00000000f5d8c020,0x00000000f7800000)
  to   space 35840K, 0% used [0x00000000fb980000,0x00000000fb980000,0x00000000fdc80000)
 ParOldGen       total 116224K, used 83134K [0x00000000a0000000, 0x00000000a7180000, 0x00000000e0000000)
  object space 116224K, 71% used [0x00000000a0000000,0x00000000a512fb30,0x00000000a7180000)
 Metaspace       used 80523K, capacity 83324K, committed 83752K, reserved 1122304K
  class space    used 10659K, capacity 11263K, committed 11304K, reserved 1048576K
}

