# JRE version: OpenJDK Runtime Environment (8.0_202-b03) (build 1.8.0_202-release-1483-b03)
# Java VM: OpenJDK 64-Bit Server VM (25.202-b03 mixed mode windows-amd64 compressed oops)
Heap:
 PSYoungGen      total 171520K, used 117039K [0x00000000e0000000, 0x00000000eb680000, 0x0000000100000000)
  eden space 156160K, 67% used [0x00000000e0000000,0x00000000e66b82e0,0x00000000e9880000)
  from space 15360K, 77% used [0x00000000e9880000,0x00000000ea413bb8,0x00000000ea780000)
  to   space 13312K, 0% used [0x00000000ea980000,0x00000000ea980000,0x00000000eb680000)
 ParOldGen       total 116224K, used 34292K [0x00000000a0000000, 0x00000000a7180000, 0x00000000e0000000)
  object space 116224K, 29% used [0x00000000a0000000,0x00000000a217d0c8,0x00000000a7180000)
 Metaspace       used 63854K, capacity 66038K, committed 66344K, reserved 1105920K
  class space    used 8630K, capacity 9202K, committed 9256K, reserved 1048576K
GC Heap History (10 events):
Event: 29.150 GC heap before
{Heap before GC invocations=14 (full 2):
 PSYoungGen      total 85504K, used 75776K [0x00000000e0000000, 0x00000000e8200000, 0x0000000100000000)
  eden space 75776K, 100% used [0x00000000e0000000,0x00000000e4a00000,0x00000000e4a00000)
  from space 9728K, 0% used [0x00000000e4a00000,0x00000000e4a00000,0x00000000e5380000)
  to   space 10752K, 0% used [0x00000000e7780000,0x00000000e7780000,0x00000000e8200000)
 ParOldGen       total 77824K, used 15432K [0x00000000a0000000, 0x00000000a4c00000, 0x00000000e0000000)
  object space 77824K, 19% used [0x00000000a0000000,0x00000000a0f12018,0x00000000a4c00000)
 Metaspace       used 42923K, capacity 43946K, committed 44072K, reserved 1087488K
  class space    used 5808K, capacity 6095K, committed 6184K, reserved 1048576K
Event: 29.243 GC heap after
Heap after GC invocations=14 (full 2):
 PSYoungGen      total 121344K, used 10519K [0x00000000e0000000, 0x00000000e8300000, 0x0000000100000000)
  eden space 110592K, 0% used [0x00000000e0000000,0x00000000e0000000,0x00000000e6c00000)
  from space 10752K, 97% used [0x00000000e7780000,0x00000000e81c5f68,0x00000000e8200000)
  to   space 11776K, 0% used [0x00000000e6c00000,0x00000000e6c00000,0x00000000e7780000)
 ParOldGen       total 77824K, used 15440K [0x00000000a0000000, 0x00000000a4c00000, 0x00000000e0000000)
  object space 77824K, 19% used [0x00000000a0000000,0x00000000a0f14018,0x00000000a4c00000)
 Metaspace       used 42923K, capacity 43946K, committed 44072K, reserved 1087488K
  class space    used 5808K, capacity 6095K, committed 6184K, reserved 1048576K
}
Event: 33.931 GC heap before
{Heap before GC invocations=15 (full 2):
 PSYoungGen      total 121344K, used 121111K [0x00000000e0000000, 0x00000000e8300000, 0x0000000100000000)
  eden space 110592K, 100% used [0x00000000e0000000,0x00000000e6c00000,0x00000000e6c00000)
  from space 10752K, 97% used [0x00000000e7780000,0x00000000e81c5f68,0x00000000e8200000)
  to   space 11776K, 0% used [0x00000000e6c00000,0x00000000e6c00000,0x00000000e7780000)
 ParOldGen       total 77824K, used 15440K [0x00000000a0000000, 0x00000000a4c00000, 0x00000000e0000000)
  object space 77824K, 19% used [0x00000000a0000000,0x00000000a0f14018,0x00000000a4c00000)
 Metaspace       used 50488K, capacity 51840K, committed 52136K, reserved 1093632K
  class space    used 6811K, capacity 7235K, committed 7336K, reserved 1048576K
Event: 33.963 GC heap after
Heap after GC invocations=15 (full 2):
 PSYoungGen      total 122368K, used 11762K [0x00000000e0000000, 0x00000000eb880000, 0x0000000100000000)
  eden space 110592K, 0% used [0x00000000e0000000,0x00000000e0000000,0x00000000e6c00000)
  from space 11776K, 99% used [0x00000000e6c00000,0x00000000e777ca40,0x00000000e7780000)
  to   space 15360K, 0% used [0x00000000ea980000,0x00000000ea980000,0x00000000eb880000)
 ParOldGen       total 77824K, used 21192K [0x00000000a0000000, 0x00000000a4c00000, 0x00000000e0000000)
  object space 77824K, 27% used [0x00000000a0000000,0x00000000a14b2308,0x00000000a4c00000)
 Metaspace       used 50488K, capacity 51840K, committed 52136K, reserved 1093632K
  class space    used 6811K, capacity 7235K, committed 7336K, reserved 1048576K
}
Event: 37.184 GC heap before
{Heap before GC invocations=16 (full 2):
 PSYoungGen      total 122368K, used 96151K [0x00000000e0000000, 0x00000000eb880000, 0x0000000100000000)
  eden space 110592K, 76% used [0x00000000e0000000,0x00000000e5269360,0x00000000e6c00000)
  from space 11776K, 99% used [0x00000000e6c00000,0x00000000e777ca40,0x00000000e7780000)
  to   space 15360K, 0% used [0x00000000ea980000,0x00000000ea980000,0x00000000eb880000)
 ParOldGen       total 77824K, used 21192K [0x00000000a0000000, 0x00000000a4c00000, 0x00000000e0000000)
  object space 77824K, 27% used [0x00000000a0000000,0x00000000a14b2308,0x00000000a4c00000)
 Metaspace       used 57390K, capacity 59032K, committed 59160K, reserved 1099776K
  class space    used 7825K, capacity 8292K, committed 8360K, reserved 1048576K
Event: 37.207 GC heap after
Heap after GC invocations=16 (full 2):
 PSYoungGen      total 169472K, used 8886K [0x00000000e0000000, 0x00000000eb680000, 0x0000000100000000)
  eden space 156160K, 0% used [0x00000000e0000000,0x00000000e0000000,0x00000000e9880000)
  from space 13312K, 66% used [0x00000000ea980000,0x00000000eb22d988,0x00000000eb680000)
  to   space 15360K, 0% used [0x00000000e9880000,0x00000000e9880000,0x00000000ea780000)
 ParOldGen       total 77824K, used 27318K [0x00000000a0000000, 0x00000000a4c00000, 0x00000000e0000000)
  object space 77824K, 35% used [0x00000000a0000000,0x00000000a1aadba8,0x00000000a4c00000)
 Metaspace       used 57390K, capacity 59032K, committed 59160K, reserved 1099776K
  class space    used 7825K, capacity 8292K, committed 8360K, reserved 1048576K
}
Event: 37.207 GC heap before
{Heap before GC invocations=17 (full 3):
 PSYoungGen      total 169472K, used 8886K [0x00000000e0000000, 0x00000000eb680000, 0x0000000100000000)
  eden space 156160K, 0% used [0x00000000e0000000,0x00000000e0000000,0x00000000e9880000)
  from space 13312K, 66% used [0x00000000ea980000,0x00000000eb22d988,0x00000000eb680000)
  to   space 15360K, 0% used [0x00000000e9880000,0x00000000e9880000,0x00000000ea780000)
 ParOldGen       total 77824K, used 27318K [0x00000000a0000000, 0x00000000a4c00000, 0x00000000e0000000)
  object space 77824K, 35% used [0x00000000a0000000,0x00000000a1aadba8,0x00000000a4c00000)
 Metaspace       used 57390K, capacity 59032K, committed 59160K, reserved 1099776K
  class space    used 7825K, capacity 8292K, committed 8360K, reserved 1048576K
Event: 37.645 GC heap after
Heap after GC invocations=17 (full 3):
 PSYoungGen      total 169472K, used 0K [0x00000000e0000000, 0x00000000eb680000, 0x0000000100000000)
  eden space 156160K, 0% used [0x00000000e0000000,0x00000000e0000000,0x00000000e9880000)
  from space 13312K, 0% used [0x00000000ea980000,0x00000000ea980000,0x00000000eb680000)
  to   space 15360K, 0% used [0x00000000e9880000,0x00000000e9880000,0x00000000ea780000)
 ParOldGen       total 116224K, used 34284K [0x00000000a0000000, 0x00000000a7180000, 0x00000000e0000000)
  object space 116224K, 29% used [0x00000000a0000000,0x00000000a217b0c8,0x00000000a7180000)
 Metaspace       used 57390K, capacity 59032K, committed 59160K, reserved 1099776K
  class space    used 7825K, capacity 8292K, committed 8360K, reserved 1048576K
}
Event: 441.088 GC heap before
{Heap before GC invocations=18 (full 3):
 PSYoungGen      total 169472K, used 156160K [0x00000000e0000000, 0x00000000eb680000, 0x0000000100000000)
  eden space 156160K, 100% used [0x00000000e0000000,0x00000000e9880000,0x00000000e9880000)
  from space 13312K, 0% used [0x00000000ea980000,0x00000000ea980000,0x00000000eb680000)
  to   space 15360K, 0% used [0x00000000e9880000,0x00000000e9880000,0x00000000ea780000)
 ParOldGen       total 116224K, used 34284K [0x00000000a0000000, 0x00000000a7180000, 0x00000000e0000000)
  object space 116224K, 29% used [0x00000000a0000000,0x00000000a217b0c8,0x00000000a7180000)
 Metaspace       used 62024K, capacity 64114K, committed 64296K, reserved 1103872K
  class space    used 8392K, capacity 8926K, committed 9000K, reserved 1048576K
Event: 441.115 GC heap after
Heap after GC invocations=18 (full 3):
 PSYoungGen      total 171520K, used 11854K [0x00000000e0000000, 0x00000000eb680000, 0x0000000100000000)
  eden space 156160K, 0% used [0x00000000e0000000,0x00000000e0000000,0x00000000e9880000)
  from space 15360K, 77% used [0x00000000e9880000,0x00000000ea413bb8,0x00000000ea780000)
  to   space 13312K, 0% used [0x00000000ea980000,0x00000000ea980000,0x00000000eb680000)
 ParOldGen       total 116224K, used 34292K [0x00000000a0000000, 0x00000000a7180000, 0x00000000e0000000)
  object space 116224K, 29% used [0x00000000a0000000,0x00000000a217d0c8,0x00000000a7180000)
 Metaspace       used 62024K, capacity 64114K, committed 64296K, reserved 1103872K
  class space    used 8392K, capacity 8926K, committed 9000K, reserved 1048576K
}

