# JRE version: OpenJDK Runtime Environment (8.0_202-b03) (build 1.8.0_202-release-1483-b03)
# Java VM: OpenJDK 64-Bit Server VM (25.202-b03 mixed mode windows-amd64 compressed oops)
Heap:
 PSYoungGen      total 194048K, used 60098K [0x00000000e0000000, 0x00000000eee00000, 0x0000000100000000)
  eden space 156672K, 20% used [0x00000000e0000000,0x00000000e1ebff90,0x00000000e9900000)
  from space 37376K, 76% used [0x00000000ec980000,0x00000000ee570aa8,0x00000000eee00000)
  to   space 24576K, 0% used [0x00000000e9900000,0x00000000e9900000,0x00000000eb100000)
 ParOldGen       total 112640K, used 91451K [0x00000000a0000000, 0x00000000a6e00000, 0x00000000e0000000)
  object space 112640K, 81% used [0x00000000a0000000,0x00000000a594ef90,0x00000000a6e00000)
 Metaspace       used 83627K, capacity 86332K, committed 86528K, reserved 1124352K
  class space    used 10872K, capacity 11511K, committed 11520K, reserved 1048576K
GC Heap History (10 events):
Event: 500.027 GC heap before
{Heap before GC invocations=21 (full 3):
 PSYoungGen      total 148480K, used 145105K [0x00000000e0000000, 0x00000000eaf80000, 0x0000000100000000)
  eden space 134656K, 100% used [0x00000000e0000000,0x00000000e8380000,0x00000000e8380000)
  from space 13824K, 75% used [0x00000000e8380000,0x00000000e8db4490,0x00000000e9100000)
  to   space 14848K, 0% used [0x00000000ea100000,0x00000000ea100000,0x00000000eaf80000)
 ParOldGen       total 112640K, used 30340K [0x00000000a0000000, 0x00000000a6e00000, 0x00000000e0000000)
  object space 112640K, 26% used [0x00000000a0000000,0x00000000a1da10f0,0x00000000a6e00000)
 Metaspace       used 65318K, capacity 67528K, committed 67712K, reserved 1107968K
  class space    used 8770K, capacity 9331K, committed 9344K, reserved 1048576K
Event: 500.062 GC heap after
Heap after GC invocations=21 (full 3):
 PSYoungGen      total 161280K, used 14841K [0x00000000e0000000, 0x00000000eb500000, 0x0000000100000000)
  eden space 146432K, 0% used [0x00000000e0000000,0x00000000e0000000,0x00000000e8f00000)
  from space 14848K, 99% used [0x00000000ea100000,0x00000000eaf7e640,0x00000000eaf80000)
  to   space 18432K, 0% used [0x00000000e8f00000,0x00000000e8f00000,0x00000000ea100000)
 ParOldGen       total 112640K, used 34026K [0x00000000a0000000, 0x00000000a6e00000, 0x00000000e0000000)
  object space 112640K, 30% used [0x00000000a0000000,0x00000000a213a9c0,0x00000000a6e00000)
 Metaspace       used 65318K, capacity 67528K, committed 67712K, reserved 1107968K
  class space    used 8770K, capacity 9331K, committed 9344K, reserved 1048576K
}
Event: 511.102 GC heap before
{Heap before GC invocations=22 (full 3):
 PSYoungGen      total 161280K, used 161273K [0x00000000e0000000, 0x00000000eb500000, 0x0000000100000000)
  eden space 146432K, 100% used [0x00000000e0000000,0x00000000e8f00000,0x00000000e8f00000)
  from space 14848K, 99% used [0x00000000ea100000,0x00000000eaf7e640,0x00000000eaf80000)
  to   space 18432K, 0% used [0x00000000e8f00000,0x00000000e8f00000,0x00000000ea100000)
 ParOldGen       total 112640K, used 34026K [0x00000000a0000000, 0x00000000a6e00000, 0x00000000e0000000)
  object space 112640K, 30% used [0x00000000a0000000,0x00000000a213a9c0,0x00000000a6e00000)
 Metaspace       used 68865K, capacity 71198K, committed 71424K, reserved 1112064K
  class space    used 9097K, capacity 9660K, committed 9728K, reserved 1048576K
Event: 511.172 GC heap after
Heap after GC invocations=22 (full 3):
 PSYoungGen      total 164864K, used 16824K [0x00000000e0000000, 0x00000000ec500000, 0x0000000100000000)
  eden space 146432K, 0% used [0x00000000e0000000,0x00000000e0000000,0x00000000e8f00000)
  from space 18432K, 91% used [0x00000000e8f00000,0x00000000e9f6e050,0x00000000ea100000)
  to   space 20480K, 0% used [0x00000000eb100000,0x00000000eb100000,0x00000000ec500000)
 ParOldGen       total 112640K, used 48752K [0x00000000a0000000, 0x00000000a6e00000, 0x00000000e0000000)
  object space 112640K, 43% used [0x00000000a0000000,0x00000000a2f9c1f8,0x00000000a6e00000)
 Metaspace       used 68865K, capacity 71198K, committed 71424K, reserved 1112064K
  class space    used 9097K, capacity 9660K, committed 9728K, reserved 1048576K
}
Event: 535.539 GC heap before
{Heap before GC invocations=23 (full 3):
 PSYoungGen      total 164864K, used 163256K [0x00000000e0000000, 0x00000000ec500000, 0x0000000100000000)
  eden space 146432K, 100% used [0x00000000e0000000,0x00000000e8f00000,0x00000000e8f00000)
  from space 18432K, 91% used [0x00000000e8f00000,0x00000000e9f6e050,0x00000000ea100000)
  to   space 20480K, 0% used [0x00000000eb100000,0x00000000eb100000,0x00000000ec500000)
 ParOldGen       total 112640K, used 48752K [0x00000000a0000000, 0x00000000a6e00000, 0x00000000e0000000)
  object space 112640K, 43% used [0x00000000a0000000,0x00000000a2f9c1f8,0x00000000a6e00000)
 Metaspace       used 74516K, capacity 76922K, committed 77184K, reserved 1116160K
  class space    used 9760K, capacity 10302K, committed 10368K, reserved 1048576K
Event: 535.575 GC heap after
Heap after GC invocations=23 (full 3):
 PSYoungGen      total 177152K, used 20462K [0x00000000e0000000, 0x00000000ecb00000, 0x0000000100000000)
  eden space 156672K, 0% used [0x00000000e0000000,0x00000000e0000000,0x00000000e9900000)
  from space 20480K, 99% used [0x00000000eb100000,0x00000000ec4fbb70,0x00000000ec500000)
  to   space 24576K, 0% used [0x00000000e9900000,0x00000000e9900000,0x00000000eb100000)
 ParOldGen       total 112640K, used 51426K [0x00000000a0000000, 0x00000000a6e00000, 0x00000000e0000000)
  object space 112640K, 45% used [0x00000000a0000000,0x00000000a3238bf8,0x00000000a6e00000)
 Metaspace       used 74516K, capacity 76922K, committed 77184K, reserved 1116160K
  class space    used 9760K, capacity 10302K, committed 10368K, reserved 1048576K
}
Event: 551.883 GC heap before
{Heap before GC invocations=24 (full 3):
 PSYoungGen      total 177152K, used 177134K [0x00000000e0000000, 0x00000000ecb00000, 0x0000000100000000)
  eden space 156672K, 100% used [0x00000000e0000000,0x00000000e9900000,0x00000000e9900000)
  from space 20480K, 99% used [0x00000000eb100000,0x00000000ec4fbb70,0x00000000ec500000)
  to   space 24576K, 0% used [0x00000000e9900000,0x00000000e9900000,0x00000000eb100000)
 ParOldGen       total 112640K, used 51426K [0x00000000a0000000, 0x00000000a6e00000, 0x00000000e0000000)
  object space 112640K, 45% used [0x00000000a0000000,0x00000000a3238bf8,0x00000000a6e00000)
 Metaspace       used 77106K, capacity 79514K, committed 79616K, reserved 1118208K
  class space    used 9910K, capacity 10462K, committed 10496K, reserved 1048576K
Event: 551.948 GC heap after
Heap after GC invocations=24 (full 3):
 PSYoungGen      total 181248K, used 24570K [0x00000000e0000000, 0x00000000eee00000, 0x0000000100000000)
  eden space 156672K, 0% used [0x00000000e0000000,0x00000000e0000000,0x00000000e9900000)
  from space 24576K, 99% used [0x00000000e9900000,0x00000000eb0feb58,0x00000000eb100000)
  to   space 37376K, 0% used [0x00000000ec980000,0x00000000ec980000,0x00000000eee00000)
 ParOldGen       total 112640K, used 75783K [0x00000000a0000000, 0x00000000a6e00000, 0x00000000e0000000)
  object space 112640K, 67% used [0x00000000a0000000,0x00000000a4a01f68,0x00000000a6e00000)
 Metaspace       used 77106K, capacity 79514K, committed 79616K, reserved 1118208K
  class space    used 9910K, capacity 10462K, committed 10496K, reserved 1048576K
}
Event: 563.381 GC heap before
{Heap before GC invocations=25 (full 3):
 PSYoungGen      total 181248K, used 181242K [0x00000000e0000000, 0x00000000eee00000, 0x0000000100000000)
  eden space 156672K, 100% used [0x00000000e0000000,0x00000000e9900000,0x00000000e9900000)
  from space 24576K, 99% used [0x00000000e9900000,0x00000000eb0feb58,0x00000000eb100000)
  to   space 37376K, 0% used [0x00000000ec980000,0x00000000ec980000,0x00000000eee00000)
 ParOldGen       total 112640K, used 75783K [0x00000000a0000000, 0x00000000a6e00000, 0x00000000e0000000)
  object space 112640K, 67% used [0x00000000a0000000,0x00000000a4a01f68,0x00000000a6e00000)
 Metaspace       used 82775K, capacity 85514K, committed 85632K, reserved 1124352K
  class space    used 10751K, capacity 11392K, committed 11392K, reserved 1048576K
Event: 563.647 GC heap after
Heap after GC invocations=25 (full 3):
 PSYoungGen      total 194048K, used 28610K [0x00000000e0000000, 0x00000000eee00000, 0x0000000100000000)
  eden space 156672K, 0% used [0x00000000e0000000,0x00000000e0000000,0x00000000e9900000)
  from space 37376K, 76% used [0x00000000ec980000,0x00000000ee570aa8,0x00000000eee00000)
  to   space 24576K, 0% used [0x00000000e9900000,0x00000000e9900000,0x00000000eb100000)
 ParOldGen       total 112640K, used 91451K [0x00000000a0000000, 0x00000000a6e00000, 0x00000000e0000000)
  object space 112640K, 81% used [0x00000000a0000000,0x00000000a594ef90,0x00000000a6e00000)
 Metaspace       used 82775K, capacity 85514K, committed 85632K, reserved 1124352K
  class space    used 10751K, capacity 11392K, committed 11392K, reserved 1048576K
}

